This is pdfTeX, Version 3.1415926-2.3-1.40.12 (TeX Live 2011) (format=pdfetex 2011.10.24)  12 DEC 2011 21:03
entering extended mode
 restricted \write18 enabled.
 file:line:error style messages enabled.
 %&-line parsing enabled.
**/Users/graham/.emacs.d/el-get/ess/doc/ess.texi
(/Users/graham/.emacs.d/el-get/ess/doc/ess.texi
(/usr/local/texlive/2011/texmf-dist/tex/texinfo/texinfo.tex
Loading texinfo [version 2011-09-23.09]:
\bindingoffset=\dimen16
\normaloffset=\dimen17
\pagewidth=\dimen18
\pageheight=\dimen19
\outerhsize=\dimen20
\outervsize=\dimen21
\cornerlong=\dimen22
\cornerthick=\dimen23
\topandbottommargin=\dimen24
\headlinebox=\box16
\footlinebox=\box17
\margin=\insert252
\EMsimple=\toks13
\groupbox=\box18
\groupinvalidhelp=\toks14
\mil=\dimen25
\exdentamount=\skip18
\inmarginspacing=\skip19
 pdf,
\tempnum=\count27
\lnkcount=\count28
\filename=\toks15
\filenamelength=\count29
\pgn=\count30
\toksA=\toks16
\toksB=\toks17
\toksC=\toks18
\toksD=\toks19
\boxA=\box19
\countA=\count31
\nopdfimagehelp=\toks20
 fonts,
\sffam=\fam8
\textleading=\dimen26
 markup,
\fontdepth=\count32
 glyphs,
\errorbox=\box20

page headings,
\titlepagetopglue=\skip20
\titlepagebottomglue=\skip21
\evenheadline=\toks21
\oddheadline=\toks22
\evenfootline=\toks23
\oddfootline=\toks24
 tables,
\tableindent=\dimen27
\itemindent=\dimen28
\itemmargin=\dimen29
\itemmax=\dimen30
\itemno=\count33
\multitableparskip=\skip22
\multitableparindent=\skip23
\multitablecolspace=\dimen31
\multitablelinespace=\skip24
\colcount=\count34
\everytab=\toks25
 conditionals,
\doignorecount=\count35
 indexing,
\whatsitskip=\skip25
\whatsitpenalty=\count36
\secondaryindent=\skip26
\partialpage=\box21
\doublecolumnhsize=\dimen32
 sectioning,
\unnumberedno=\count37
\chapno=\count38
\secno=\count39
\subsecno=\count40
\subsubsecno=\count41
\appendixno=\count42
\absseclevel=\count43
\secbase=\count44
\chapheadingskip=\skip27
\secheadingskip=\skip28
\subsecheadingskip=\skip29
 toc,
\tocfile=\write0
\contentsrightmargin=\skip30
\savepageno=\count45
\lastnegativepageno=\count46
\tocindent=\dimen33
 environments,
\lispnarrowing=\skip31
\envskipamount=\skip32
\circthick=\dimen34
\cartouter=\dimen35
\cartinner=\dimen36
\normbskip=\skip33
\normpskip=\skip34
\normlskip=\skip35
\lskip=\skip36
\rskip=\skip37
\nonfillparindent=\dimen37
\tabw=\dimen38
\verbbox=\box22

defuns,
\defbodyindent=\skip38
\defargsindent=\skip39
\deflastargmargin=\skip40
\defunpenalty=\count47
\parencount=\count48
\brackcount=\count49
 macros,
\paramno=\count50
\macname=\toks26
 cross references,
\auxfile=\write1
\savesfregister=\count51
 insertions,
\footnoteno=\count52
\SAVEfootins=\box23
\SAVEmargin=\box24

(/usr/local/texlive/2011/texmf-dist/tex/generic/epsf/epsf.tex
This is `epsf.tex' v2.7.4 <14 February 2011>
\epsffilein=\read1
\epsfframemargin=\dimen39
\epsfframethickness=\dimen40
\epsfrsize=\dimen41
\epsftmp=\dimen42
\epsftsize=\dimen43
\epsfxsize=\dimen44
\epsfysize=\dimen45
\pspoints=\dimen46
)
\noepsfhelp=\toks27
 localization,
\nolanghelp=\toks28
\countUTFx=\count53
\countUTFy=\count54
\countUTFz=\count55
 formatting,
\defaultparindent=\dimen47
 and turning on texinfo input format.) (./ess.aux)
\openout1 = `ess.aux'.

@cpindfile=@write2
@fnindfile=@write3
@vrindfile=@write4
@tpindfile=@write5
@kyindfile=@write6
@pgindfile=@write7
texinfo.tex: doing @include of ess-defs.texi


(./ess-defs.texi)
texinfo.tex: doing @include of ../VERSION

 (../VERSION) [1
\openout2 = `ess.cp'.

\openout3 = `ess.fn'.

\openout4 = `ess.vr'.

\openout5 = `ess.tp'.

\openout6 = `ess.ky'.

\openout7 = `ess.pg'.

{/usr/local/texlive/2011/texmf-var/fonts/map/pdftex/updmap/pdftex.map}] Chapter
 1
\openout0 = `ess.toc'.

 [1]
texinfo.tex: doing @include of newfeat.texi

 (./newfeat.texi [2] [3] [4] [5]
[6] [7]
Underfull \hbox (badness 10000) in paragraph at lines 328--332
 []@textrm by un-pack-ing ei-ther `@texttt ess-5.3.1.tgz[]@textrm '[] or `@text
tt ess-5.3.1.zip[]@textrm '[] into

@hbox(7.60416+2.43333)x433.62, glue set 6.31009
.@glue(@leftskip) 65.04364
.@hbox(7.05666+0.0)x0.0, glue set - 15.74411fil
..@glue 0.0 plus 1.0fil minus 1.0fil
..@textrm 2
..@textrm .
..@kern 7.22743
.@textrm b
.@kern-0.30418
.@textrm y
.etc.


Overfull \hbox (29.05722pt too wide) in paragraph at lines 328--332
 @textrm `@texttt PREFIX/lib/xemacs/site-packages[]@textrm '[] on unix or `@tex
ttt PREFIX\XEmacs\site-packages[]@textrm '[]|

@hbox(7.60416+2.43333)x433.62, glue set - 1.0
.@glue(@leftskip) 65.04364
.@textrm `
.@texttt P
.@texttt R
.@texttt E
.etc.

)
texinfo.tex: doing @include of onewfeat.texi

 (./onewfeat.texi [8] [9] [10] [11] [12] [13] [14] [15])
texinfo.tex: doing @include of credits.texi

 (./credits.texi
[16]
texinfo.tex: doing @include of authors.texi

 (./authors.texi))
texinfo.tex: doing @include of getting.texi

 (./getting.texi
texinfo.tex: doing @include of inst_svn.texi

 (./inst_svn.texi [17])) Chapter 2
[18]
texinfo.tex: doing @include of unixlike.texi

 (./unixlike.texi
Underfull \hbox (badness 10000) in paragraph at lines 67--74
 @textrm work-ing di-rec-tory of `@texttt /usr/local/LOCATION/xemacs/site-packa
ges[]@textrm '[] which

@hbox(7.60416+2.43333)x433.62, glue set 6.0428
.@glue(@leftskip) 21.68121
.@textrm w
.@kern-0.30418
.@textrm o
.@textrm r
.etc.

[19])
texinfo.tex: doing @include of windows.texi

 (./windows.texi [20] [21] [22])
texinfo.tex: doing @include of requires.texi

 (./requires.texi) Chapter 3 [23]
Underfull \hbox (badness 10000) in paragraph at lines 566--570
[]@textrm You can switch to any ac-tive ESS pro-cess with the com-mand `@texttt
 M-x

@hbox(7.60416+2.12917)x433.62, glue set 5.0366
.@hbox(0.0+0.0)x15.0
.@textrm Y
.@kern-0.91252
.@textrm o
.@textrm u
.etc.

[24] [25] [26] Chapter 4 [27] [28] [29] [30] [31] [32]
Overfull \hbox (106.92076pt too wide) in paragraph at lines 1305--1305
 []      @texttt ;; somewhat extreme, almost disabling writing in *R*, *shell* 
buffers above prompt:[] |

@hbox(6.69167+2.43333)x433.62
.@glue(@leftskip) 28.90755
.@hbox(0.0+0.0)x0.0
.@penalty 10000
.@glue 5.74869
.@penalty 10000
.etc.

[33] [34] [35] [36] Chapter 5 [37] Chapter 6 [38]
texinfo.tex: doing @include of help-s.texi

 (./help-s.texi [39] [40]
[41] [42] [43]) Chapter 7 [44] [45] [46] [47] [48] [49] [50] Chapter 8 [51]
[52] [53] Chapter 9 [54] [55] Chapter 10 [56]
texinfo.tex: doing @include of help-sas.texi

 (./help-sas.texi [57] [58]
[59] [60] [61] [62] [63]
Overfull \hbox (4.4401pt too wide) in paragraph at lines 546--546
@textrm `@texttt *SAS:1.log*[]@textrm '[]| 

@hbox(9.34993+3.85005)x64.87881
.@textrm `
.@texttt *
.@texttt S
.@texttt A
.@texttt S
.etc.


Overfull \hbox (4.4401pt too wide) in paragraph at lines 548--548
@textrm `@texttt *SAS:1.lst*[]@textrm '[]| 

@hbox(9.34993+3.85005)x64.87881
.@textrm `
.@texttt *
.@texttt S
.@texttt A
.@texttt S
.etc.

[64]) Chapter 11 [65]
texinfo.tex: doing @include of help-bugs.texi

 (./help-bugs.texi [66]) Chapter 12 [67]
texinfo.tex: doing @include of help-jags.texi

 (./help-jags.texi [68]) Chapter 13 [69] [70] [71] [72] [73] Chapter 14 [74]
texinfo.tex: doing @include of bugs.texi

 (./bugs.texi)
texinfo.tex: doing @include of bugrept.texi


(./bugrept.texi)
texinfo.tex: doing @include of mailing.texi

 (./mailing.texi [75]) Appendix A [76] (Key (Character) Index)
[77] (Concept Index) [78] (./ess.cps [79]) (Variable and command index)
[80] (./ess.vrs [81]) [82] (./ess.toc [-1] [-2]) [-3] (./ess.toc) (./ess.toc) )
 
Here is how much of TeX's memory you used:
 2542 strings out of 495313
 32937 string characters out of 3159198
 112679 words of memory out of 3000000
 3669 multiletter control sequences out of 15000+200000
 32896 words of font info for 113 fonts, out of 3000000 for 9000
 1017 hyphenation exceptions out of 8191
 18i,6n,18p,316b,632s stack positions out of 5000i,500n,10000p,200000b,50000s
{/usr/local/texlive/2011/texmf-dist/fonts/enc/dvips/cm-super/cm-super-t1.enc}</
usr/local/texlive/2011/texmf-dist/fonts/type1/public/amsfonts/cm/cmb10.pfb></us
r/local/texlive/2011/texmf-dist/fonts/type1/public/amsfonts/cm/cmbx12.pfb></usr
/local/texlive/2011/texmf-dist/fonts/type1/public/amsfonts/cm/cmcsc10.pfb></usr
/local/texlive/2011/texmf-dist/fonts/type1/public/amsfonts/cm/cmmi10.pfb></usr/
local/texlive/2011/texmf-dist/fonts/type1/public/amsfonts/cm/cmmi12.pfb></usr/l
ocal/texlive/2011/texmf-dist/fonts/type1/public/amsfonts/cm/cmmi9.pfb></usr/loc
al/texlive/2011/texmf-dist/fonts/type1/public/amsfonts/cm/cmr10.pfb></usr/local
/texlive/2011/texmf-dist/fonts/type1/public/amsfonts/cm/cmr7.pfb></usr/local/te
xlive/2011/texmf-dist/fonts/type1/public/amsfonts/cm/cmr9.pfb></usr/local/texli
ve/2011/texmf-dist/fonts/type1/public/amsfonts/cm/cmsl10.pfb></usr/local/texliv
e/2011/texmf-dist/fonts/type1/public/amsfonts/cm/cmsltt10.pfb></usr/local/texli
ve/2011/texmf-dist/fonts/type1/public/amsfonts/cm/cmsy10.pfb></usr/local/texliv
e/2011/texmf-dist/fonts/type1/public/amsfonts/cm/cmti10.pfb></usr/local/texlive
/2011/texmf-dist/fonts/type1/public/amsfonts/cm/cmtt10.pfb></usr/local/texlive/
2011/texmf-dist/fonts/type1/public/amsfonts/cm/cmtt12.pfb></usr/local/texlive/2
011/texmf-dist/fonts/type1/public/amsfonts/cm/cmtt9.pfb></usr/local/texlive/201
1/texmf-dist/fonts/type1/public/cm-super/sfrm1095.pfb>
Output written on ess.pdf (86 pages, 491873 bytes).
PDF statistics:
 1339 PDF objects out of 1440 (max. 8388607)
 1218 compressed objects within 13 object streams
 183 named destinations out of 1000 (max. 500000)
 797 words of extra memory for PDF output out of 10000 (max. 10000000)

