This is pdfTeX, Version 3.1415926-2.3-1.40.12 (TeX Live 2011) (format=pdfetex 2011.10.24)  12 DEC 2011 21:03
entering extended mode
 restricted \write18 enabled.
 file:line:error style messages enabled.
 %&-line parsing enabled.
**/Users/graham/.emacs.d/el-get/ess/doc/readme.texi
(/Users/graham/.emacs.d/el-get/ess/doc/readme.texi
(/usr/local/texlive/2011/texmf-dist/tex/texinfo/texinfo.tex
Loading texinfo [version 2011-09-23.09]:
\bindingoffset=\dimen16
\normaloffset=\dimen17
\pagewidth=\dimen18
\pageheight=\dimen19
\outerhsize=\dimen20
\outervsize=\dimen21
\cornerlong=\dimen22
\cornerthick=\dimen23
\topandbottommargin=\dimen24
\headlinebox=\box16
\footlinebox=\box17
\margin=\insert252
\EMsimple=\toks13
\groupbox=\box18
\groupinvalidhelp=\toks14
\mil=\dimen25
\exdentamount=\skip18
\inmarginspacing=\skip19
 pdf,
\tempnum=\count27
\lnkcount=\count28
\filename=\toks15
\filenamelength=\count29
\pgn=\count30
\toksA=\toks16
\toksB=\toks17
\toksC=\toks18
\toksD=\toks19
\boxA=\box19
\countA=\count31
\nopdfimagehelp=\toks20
 fonts,
\sffam=\fam8
\textleading=\dimen26
 markup,
\fontdepth=\count32
 glyphs,
\errorbox=\box20

page headings,
\titlepagetopglue=\skip20
\titlepagebottomglue=\skip21
\evenheadline=\toks21
\oddheadline=\toks22
\evenfootline=\toks23
\oddfootline=\toks24
 tables,
\tableindent=\dimen27
\itemindent=\dimen28
\itemmargin=\dimen29
\itemmax=\dimen30
\itemno=\count33
\multitableparskip=\skip22
\multitableparindent=\skip23
\multitablecolspace=\dimen31
\multitablelinespace=\skip24
\colcount=\count34
\everytab=\toks25
 conditionals,
\doignorecount=\count35
 indexing,
\whatsitskip=\skip25
\whatsitpenalty=\count36
\secondaryindent=\skip26
\partialpage=\box21
\doublecolumnhsize=\dimen32
 sectioning,
\unnumberedno=\count37
\chapno=\count38
\secno=\count39
\subsecno=\count40
\subsubsecno=\count41
\appendixno=\count42
\absseclevel=\count43
\secbase=\count44
\chapheadingskip=\skip27
\secheadingskip=\skip28
\subsecheadingskip=\skip29
 toc,
\tocfile=\write0
\contentsrightmargin=\skip30
\savepageno=\count45
\lastnegativepageno=\count46
\tocindent=\dimen33
 environments,
\lispnarrowing=\skip31
\envskipamount=\skip32
\circthick=\dimen34
\cartouter=\dimen35
\cartinner=\dimen36
\normbskip=\skip33
\normpskip=\skip34
\normlskip=\skip35
\lskip=\skip36
\rskip=\skip37
\nonfillparindent=\dimen37
\tabw=\dimen38
\verbbox=\box22

defuns,
\defbodyindent=\skip38
\defargsindent=\skip39
\deflastargmargin=\skip40
\defunpenalty=\count47
\parencount=\count48
\brackcount=\count49
 macros,
\paramno=\count50
\macname=\toks26
 cross references,
\auxfile=\write1
\savesfregister=\count51
 insertions,
\footnoteno=\count52
\SAVEfootins=\box23
\SAVEmargin=\box24

(/usr/local/texlive/2011/texmf-dist/tex/generic/epsf/epsf.tex
This is `epsf.tex' v2.7.4 <14 February 2011>
\epsffilein=\read1
\epsfframemargin=\dimen39
\epsfframethickness=\dimen40
\epsfrsize=\dimen41
\epsftmp=\dimen42
\epsftsize=\dimen43
\epsfxsize=\dimen44
\epsfysize=\dimen45
\pspoints=\dimen46
)
\noepsfhelp=\toks27
 localization,
\nolanghelp=\toks28
\countUTFx=\count53
\countUTFy=\count54
\countUTFz=\count55
 formatting,
\defaultparindent=\dimen47
 and turning on texinfo input format.) (./readme.aux)
\openout1 = `readme.aux'.

@cpindfile=@write2
@fnindfile=@write3
@vrindfile=@write4
@tpindfile=@write5
@kyindfile=@write6
@pgindfile=@write7
texinfo.tex: doing @include of ess-defs.texi

 (./ess-defs.texi) Chapter 1
\openout0 = `readme.toc'.

texinfo.tex: doing @include of ../VERSION

 (../VERSION)
Underfull \hbox (badness 10000) in paragraph at lines 25--38
@textrm ([][]@texttt maechler@stat.math.ethz.ch[][][]@textrm ) and Kurt Hornik 
([][]@texttt Kurt.Hornik@R-project.org[][][]@textrm )

@hbox(8.2125+2.73749)x433.62, glue set 4.81291
.@textrm (
.@pdfliteral{0.50 0.09 0.12 rg 0.50 0.09 0.12 RG}
.@pdfstartlink(*+*)x* attr{/Border [0 0 0]} action user{/Subtype /Link /A << /S
 /URI /URI (mailto:maechler@stat.math.ethz.ch)@ETC.}
.@texttt m
.@texttt a
.etc.

texinfo.tex: doing @include of license.texi

(./license.texi)
texinfo.tex: doing @include of stabilty.texi

 (./stabilty.texi)
texinfo.tex: doing @include of requires.texi

 (./requires.texi) [1
\openout2 = `readme.cp'.

\openout3 = `readme.fn'.

\openout4 = `readme.vr'.

\openout5 = `readme.tp'.

\openout6 = `readme.ky'.

\openout7 = `readme.pg'.

{/usr/local/texlive/2011/texmf-var/fonts/map/pdftex/updmap/pdftex.map}]
texinfo.tex: doing @include of getting.texi

 (./getting.texi
texinfo.tex: doing @include of inst_svn.texi


(./inst_svn.texi))
texinfo.tex: doing @include of unixlike.texi

 (./unixlike.texi [2]
Underfull \hbox (badness 10000) in paragraph at lines 67--74
 @textrm work-ing di-rec-tory of `@texttt /usr/local/LOCATION/xemacs/site-packa
ges[]@textrm '[] which

@hbox(7.60416+2.43333)x433.62, glue set 6.0428
.@glue(@leftskip) 21.68121
.@textrm w
.@kern-0.30418
.@textrm o
.@textrm r
.etc.

[3])
texinfo.tex: doing @include of windows.texi

 (./windows.texi [4] [5] [6])
texinfo.tex: doing @include of currfeat.texi

 (./currfeat.texi [7])
texinfo.tex: doing @include of newfeat.texi

 (./newfeat.texi
[8] [9] [10] [11] [12]
Underfull \hbox (badness 10000) in paragraph at lines 328--332
 []@textrm by un-pack-ing ei-ther `@texttt ess-5.3.1.tgz[]@textrm '[] or `@text
tt ess-5.3.1.zip[]@textrm '[] into

@hbox(7.60416+2.43333)x433.62, glue set 6.31009
.@glue(@leftskip) 65.04364
.@hbox(7.05666+0.0)x0.0, glue set - 15.74411fil
..@glue 0.0 plus 1.0fil minus 1.0fil
..@textrm 2
..@textrm .
..@kern 7.22743
.@textrm b
.@kern-0.30418
.@textrm y
.etc.


Overfull \hbox (29.05722pt too wide) in paragraph at lines 328--332
 @textrm `@texttt PREFIX/lib/xemacs/site-packages[]@textrm '[] on unix or `@tex
ttt PREFIX\XEmacs\site-packages[]@textrm '[]|

@hbox(7.60416+2.43333)x433.62, glue set - 1.0
.@glue(@leftskip) 65.04364
.@textrm `
.@texttt P
.@texttt R
.@texttt E
.etc.

[13])
texinfo.tex: doing @include of bugrept.texi

 (./bugrept.texi)
texinfo.tex: doing @include of mailing.texi

 (./mailing.texi)
texinfo.tex: doing @include of authors.texi

 (./authors.texi [14]) [15] ) 
Here is how much of TeX's memory you used:
 1983 strings out of 495313
 24140 string characters out of 3159198
 64353 words of memory out of 3000000
 3289 multiletter control sequences out of 15000+200000
 32896 words of font info for 113 fonts, out of 3000000 for 9000
 1017 hyphenation exceptions out of 8191
 16i,5n,18p,319b,579s stack positions out of 5000i,500n,10000p,200000b,50000s
{/usr/local/texlive/2011/texmf-dist/fonts/enc/dvip
s/cm-super/cm-super-t1.enc}</usr/local/texlive/2011/texmf-dist/fonts/type1/publ
ic/amsfonts/cm/cmb10.pfb></usr/local/texlive/2011/texmf-dist/fonts/type1/public
/amsfonts/cm/cmbx12.pfb></usr/local/texlive/2011/texmf-dist/fonts/type1/public/
amsfonts/cm/cmr10.pfb></usr/local/texlive/2011/texmf-dist/fonts/type1/public/am
sfonts/cm/cmsl10.pfb></usr/local/texlive/2011/texmf-dist/fonts/type1/public/ams
fonts/cm/cmsltt10.pfb></usr/local/texlive/2011/texmf-dist/fonts/type1/public/am
sfonts/cm/cmsy10.pfb></usr/local/texlive/2011/texmf-dist/fonts/type1/public/ams
fonts/cm/cmti10.pfb></usr/local/texlive/2011/texmf-dist/fonts/type1/public/amsf
onts/cm/cmtt10.pfb></usr/local/texlive/2011/texmf-dist/fonts/type1/public/amsfo
nts/cm/cmtt9.pfb></usr/local/texlive/2011/texmf-dist/fonts/type1/public/cm-supe
r/sfrm1095.pfb>
Output written on readme.pdf (15 pages, 190269 bytes).
PDF statistics:
 166 PDF objects out of 1000 (max. 8388607)
 134 compressed objects within 2 object streams
 29 named destinations out of 1000 (max. 500000)
 13 words of extra memory for PDF output out of 10000 (max. 10000000)

